<?xml version="1.0" encoding="UTF-8"?>
<testng-results ignored="0" total="6" passed="6" failed="0" skipped="0">
  <reporter-output>
  </reporter-output>
  <suite started-at="2020-12-17T10:20:44 WIB" name="Default suite" finished-at="2020-12-17T10:21:02 WIB" duration-ms="17306">
    <groups>
    </groups>
    <test started-at="2020-12-17T10:20:44 WIB" name="Default test" finished-at="2020-12-17T10:21:02 WIB" duration-ms="17306">
      <class name="TestCase">
        <test-method signature="loginWithCorrectData()[pri:0, instance:TestCase@1755e85b]" started-at="2020-12-17T10:20:44 WIB" name="loginWithCorrectData" finished-at="2020-12-17T10:20:50 WIB" duration-ms="5866" status="PASS">
          <reporter-output>
          </reporter-output>
        </test-method> <!-- loginWithCorrectData -->
        <test-method signature="loginWithEmailOnly()[pri:0, instance:TestCase@1755e85b]" started-at="2020-12-17T10:20:50 WIB" name="loginWithEmailOnly" finished-at="2020-12-17T10:20:53 WIB" duration-ms="2966" status="PASS">
          <reporter-output>
          </reporter-output>
        </test-method> <!-- loginWithEmailOnly -->
        <test-method signature="loginWithPasswordOnly()[pri:0, instance:TestCase@1755e85b]" started-at="2020-12-17T10:20:53 WIB" name="loginWithPasswordOnly" finished-at="2020-12-17T10:20:57 WIB" duration-ms="3784" status="PASS">
          <reporter-output>
          </reporter-output>
        </test-method> <!-- loginWithPasswordOnly -->
        <test-method signature="verifyDataUsers()[pri:0, instance:TestCase@1755e85b]" started-at="2020-12-17T10:20:57 WIB" name="verifyDataUsers" finished-at="2020-12-17T10:20:59 WIB" duration-ms="1926" status="PASS">
          <reporter-output>
          </reporter-output>
        </test-method> <!-- verifyDataUsers -->
        <test-method signature="verifyFormatEmail()[pri:0, instance:TestCase@1755e85b]" started-at="2020-12-17T10:20:59 WIB" name="verifyFormatEmail" finished-at="2020-12-17T10:21:00 WIB" duration-ms="838" status="PASS">
          <reporter-output>
          </reporter-output>
        </test-method> <!-- verifyFormatEmail -->
        <test-method signature="verifyImageNotBroken()[pri:0, instance:TestCase@1755e85b]" started-at="2020-12-17T10:21:00 WIB" name="verifyImageNotBroken" finished-at="2020-12-17T10:21:02 WIB" duration-ms="1903" status="PASS">
          <reporter-output>
          </reporter-output>
        </test-method> <!-- verifyImageNotBroken -->
      </class> <!-- TestCase -->
    </test> <!-- Default test -->
  </suite> <!-- Default suite -->
</testng-results>
