<?xml version="1.0" encoding="UTF-8"?>
<!-- Generated by org.testng.reporters.JUnitXMLReporter -->
<testsuite ignored="0" hostname="Faisals-MacBook-Pro.local" failures="0" tests="6" name="Default test" time="17.306" errors="0" timestamp="2020-12-17T10:21:07 WIB">
  <testcase classname="TestCase" name="loginWithCorrectData" time="5.866"/>
  <testcase classname="TestCase" name="loginWithEmailOnly" time="2.966"/>
  <testcase classname="TestCase" name="loginWithPasswordOnly" time="3.784"/>
  <testcase classname="TestCase" name="verifyDataUsers" time="1.926"/>
  <testcase classname="TestCase" name="verifyFormatEmail" time="0.838"/>
  <testcase classname="TestCase" name="verifyImageNotBroken" time="1.903"/>
</testsuite> <!-- Default test -->
