<?xml version="1.0" encoding="UTF-8"?>
<!-- Generated by org.testng.reporters.JUnitXMLReporter -->
<testsuite ignored="0" hostname="Faisals-MacBook-Pro.local" failures="0" tests="6" name="Default test" time="13.151" errors="0" timestamp="2020-12-17T11:43:03 WIB">
  <testcase classname="TestCase" name="loginWithCorrectData" time="4.712"/>
  <testcase classname="TestCase" name="loginWithEmailOnly" time="1.769"/>
  <testcase classname="TestCase" name="loginWithPasswordOnly" time="2.56"/>
  <testcase classname="TestCase" name="verifyDataUsers" time="1.649"/>
  <testcase classname="TestCase" name="verifyFormatEmail" time="0.67"/>
  <testcase classname="TestCase" name="verifyImageNotBroken" time="1.767"/>
</testsuite> <!-- Default test -->
